Starting Single Run, Sweeps and Corners...

Current time: Sun Apr  7 12:10:01 2019 
Best design point: 1
Design specs: 
	OTA:OTA_cmreject_tb:1	corner	tt - 
	out_dc		628.6m
	out_ac_cm		Error	No
	OTA:OTA_cmreject_tb:1	corner	ff - 
	out_dc		645.7m
	out_ac_cm		Error	No
	OTA:OTA_cmreject_tb:1	corner	ss - 
	out_dc		612.3m
	out_ac_cm		Error	No
	OTA:OTA_cmreject_tb:1	corner	sf - 
	out_dc		657m
	out_ac_cm		Error	No
	OTA:OTA_cmreject_tb:1	corner	fs - 
	out_dc		598.3m
	out_ac_cm		Error	No
Design parameters: 
	ibias		20u
	supply		1.2
	nf_input		4
	nf_load		4
	mos_l		180n
	mos_w		1u
	nf_cas		20
	bcasp		500m
	bcasn		900m
	test_cmrr		0

Interactive.1
Number of points completed: 1
Number of simulation errors: 5
Interactive.1 completed. 
Current time: Sun Apr  7 12:10:32 2019 
